0 info it worked if it ends with ok
1 verbose cli [ '/usr/local/Cellar/node/5.2.0/bin/node',
1 verbose cli   '/usr/local/bin/npm',
1 verbose cli   'run',
1 verbose cli   'karma' ]
2 info using npm@3.3.12
3 info using node@v5.2.0
4 verbose run-script [ 'prekarma', 'karma', 'postkarma' ]
5 info lifecycle todontlist@1.0.0~prekarma: todontlist@1.0.0
6 silly lifecycle todontlist@1.0.0~prekarma: no script for prekarma, continuing
7 info lifecycle todontlist@1.0.0~karma: todontlist@1.0.0
8 verbose lifecycle todontlist@1.0.0~karma: unsafe-perm in lifecycle true
9 verbose lifecycle todontlist@1.0.0~karma: PATH: /usr/local/lib/node_modules/npm/bin/node-gyp-bin:/Users/Adz/Projects/todo_challenge/node_modules/.bin:/Users/Adz/.rvm/gems/ruby-2.2.3/bin:/Users/Adz/.rvm/gems/ruby-2.2.3@global/bin:/Users/Adz/.rvm/rubies/ruby-2.2.3/bin:/bin:/usr/local/bin:/usr/bin:/sbin:/usr/sbin:/usr/local/sbin:/usr/local/git/bin:/Users/Adz/Library/Android/sdk/platform-tools:/Users/Adz/Library/Android/sdk/tools::/Users/Adz/.rvm/bin
10 verbose lifecycle todontlist@1.0.0~karma: CWD: /Users/Adz/Projects/todo_challenge
11 silly lifecycle todontlist@1.0.0~karma: Args: [ '-c', 'karma start test/karma.conf.js' ]
12 silly lifecycle todontlist@1.0.0~karma: Returned: code: 1  signal: null
13 info lifecycle todontlist@1.0.0~karma: Failed to exec karma script
14 verbose stack Error: todontlist@1.0.0 karma: `karma start test/karma.conf.js`
14 verbose stack Exit status 1
14 verbose stack     at EventEmitter.<anonymous> (/usr/local/lib/node_modules/npm/lib/utils/lifecycle.js:232:16)
14 verbose stack     at emitTwo (events.js:88:13)
14 verbose stack     at EventEmitter.emit (events.js:173:7)
14 verbose stack     at ChildProcess.<anonymous> (/usr/local/lib/node_modules/npm/lib/utils/spawn.js:24:14)
14 verbose stack     at emitTwo (events.js:88:13)
14 verbose stack     at ChildProcess.emit (events.js:173:7)
14 verbose stack     at maybeClose (internal/child_process.js:819:16)
14 verbose stack     at Process.ChildProcess._handle.onexit (internal/child_process.js:212:5)
15 verbose pkgid todontlist@1.0.0
16 verbose cwd /Users/Adz/Projects/todo_challenge
17 error Darwin 15.3.0
18 error argv "/usr/local/Cellar/node/5.2.0/bin/node" "/usr/local/bin/npm" "run" "karma"
19 error node v5.2.0
20 error npm  v3.3.12
21 error code ELIFECYCLE
22 error todontlist@1.0.0 karma: `karma start test/karma.conf.js`
22 error Exit status 1
23 error Failed at the todontlist@1.0.0 karma script 'karma start test/karma.conf.js'.
23 error Make sure you have the latest version of node.js and npm installed.
23 error If you do, this is most likely a problem with the todontlist package,
23 error not with npm itself.
23 error Tell the author that this fails on your system:
23 error     karma start test/karma.conf.js
23 error You can get their info via:
23 error     npm owner ls todontlist
23 error There is likely additional logging output above.
24 verbose exit [ 1, true ]
