[INFO  - 2016-01-30T18:00:51.298Z] GhostDriver - Main - running on port 4595
[INFO  - 2016-01-30T18:00:51.498Z] Session [663e6c60-c77b-11e5-943f-535431031e25] - page.settings - {"XSSAuditingEnabled":false,"javascriptCanCloseWindows":true,"javascriptCanOpenWindows":true,"javascriptEnabled":true,"loadImages":true,"localToRemoteUrlAccessEnabled":false,"userAgent":"Mozilla/5.0 (Macintosh; Intel Mac OS X) AppleWebKit/538.1 (KHTML, like Gecko) PhantomJS/2.0.0 Safari/538.1","webSecurityEnabled":true}
[INFO  - 2016-01-30T18:00:51.498Z] Session [663e6c60-c77b-11e5-943f-535431031e25] - page.customHeaders:  - {}
[INFO  - 2016-01-30T18:00:51.498Z] Session [663e6c60-c77b-11e5-943f-535431031e25] - Session.negotiatedCapabilities - {"browserName":"phantomjs","version":"2.0.0","driverName":"ghostdriver","driverVersion":"1.2.0","platform":"mac-unknown-64bit","javascriptEnabled":true,"takesScreenshot":true,"handlesAlerts":false,"databaseEnabled":false,"locationContextEnabled":false,"applicationCacheEnabled":false,"browserConnectionEnabled":false,"cssSelectorsEnabled":true,"webStorageEnabled":false,"rotatable":false,"acceptSslCerts":false,"nativeEvents":true,"proxy":{"proxyType":"direct"}}
[INFO  - 2016-01-30T18:00:51.499Z] SessionManagerReqHand - _postNewSessionCommand - New Session Created: 663e6c60-c77b-11e5-943f-535431031e25
[INFO  - 2016-01-30T18:01:01.695Z] ShutdownReqHand - _handle - About to shutdown
[INFO  - 2016-01-30T19:22:00.932Z] GhostDriver - Main - running on port 39413
[INFO  - 2016-01-30T19:22:01.344Z] Session [bce5ccb0-c786-11e5-bc88-d971aca8f20e] - page.settings - {"XSSAuditingEnabled":false,"javascriptCanCloseWindows":true,"javascriptCanOpenWindows":true,"javascriptEnabled":true,"loadImages":true,"localToRemoteUrlAccessEnabled":false,"userAgent":"Mozilla/5.0 (Macintosh; Intel Mac OS X) AppleWebKit/538.1 (KHTML, like Gecko) PhantomJS/2.0.0 Safari/538.1","webSecurityEnabled":true}
[INFO  - 2016-01-30T19:22:01.344Z] Session [bce5ccb0-c786-11e5-bc88-d971aca8f20e] - page.customHeaders:  - {}
[INFO  - 2016-01-30T19:22:01.344Z] Session [bce5ccb0-c786-11e5-bc88-d971aca8f20e] - Session.negotiatedCapabilities - {"browserName":"phantomjs","version":"2.0.0","driverName":"ghostdriver","driverVersion":"1.2.0","platform":"mac-unknown-64bit","javascriptEnabled":true,"takesScreenshot":true,"handlesAlerts":false,"databaseEnabled":false,"locationContextEnabled":false,"applicationCacheEnabled":false,"browserConnectionEnabled":false,"cssSelectorsEnabled":true,"webStorageEnabled":false,"rotatable":false,"acceptSslCerts":false,"nativeEvents":true,"proxy":{"proxyType":"direct"}}
[INFO  - 2016-01-30T19:22:01.344Z] SessionManagerReqHand - _postNewSessionCommand - New Session Created: bce5ccb0-c786-11e5-bc88-d971aca8f20e
[INFO  - 2016-01-30T19:22:11.520Z] ShutdownReqHand - _handle - About to shutdown
[INFO  - 2016-01-30T19:24:05.355Z] GhostDriver - Main - running on port 32731
[INFO  - 2016-01-30T19:24:05.501Z] Session [06e6ce90-c787-11e5-8824-61b45202e209] - page.settings - {"XSSAuditingEnabled":false,"javascriptCanCloseWindows":true,"javascriptCanOpenWindows":true,"javascriptEnabled":true,"loadImages":true,"localToRemoteUrlAccessEnabled":false,"userAgent":"Mozilla/5.0 (Macintosh; Intel Mac OS X) AppleWebKit/538.1 (KHTML, like Gecko) PhantomJS/2.0.0 Safari/538.1","webSecurityEnabled":true}
[INFO  - 2016-01-30T19:24:05.501Z] Session [06e6ce90-c787-11e5-8824-61b45202e209] - page.customHeaders:  - {}
[INFO  - 2016-01-30T19:24:05.501Z] Session [06e6ce90-c787-11e5-8824-61b45202e209] - Session.negotiatedCapabilities - {"browserName":"phantomjs","version":"2.0.0","driverName":"ghostdriver","driverVersion":"1.2.0","platform":"mac-unknown-64bit","javascriptEnabled":true,"takesScreenshot":true,"handlesAlerts":false,"databaseEnabled":false,"locationContextEnabled":false,"applicationCacheEnabled":false,"browserConnectionEnabled":false,"cssSelectorsEnabled":true,"webStorageEnabled":false,"rotatable":false,"acceptSslCerts":false,"nativeEvents":true,"proxy":{"proxyType":"direct"}}
[INFO  - 2016-01-30T19:24:05.501Z] SessionManagerReqHand - _postNewSessionCommand - New Session Created: 06e6ce90-c787-11e5-8824-61b45202e209
[INFO  - 2016-01-30T19:24:15.681Z] ShutdownReqHand - _handle - About to shutdown
[INFO  - 2016-01-30T19:35:03.188Z] GhostDriver - Main - running on port 35755
[INFO  - 2016-01-30T19:35:03.327Z] Session [8eff16b0-c788-11e5-8916-f57e4f36bbbe] - page.settings - {"XSSAuditingEnabled":false,"javascriptCanCloseWindows":true,"javascriptCanOpenWindows":true,"javascriptEnabled":true,"loadImages":true,"localToRemoteUrlAccessEnabled":false,"userAgent":"Mozilla/5.0 (Macintosh; Intel Mac OS X) AppleWebKit/538.1 (KHTML, like Gecko) PhantomJS/2.0.0 Safari/538.1","webSecurityEnabled":true}
[INFO  - 2016-01-30T19:35:03.327Z] Session [8eff16b0-c788-11e5-8916-f57e4f36bbbe] - page.customHeaders:  - {}
[INFO  - 2016-01-30T19:35:03.327Z] Session [8eff16b0-c788-11e5-8916-f57e4f36bbbe] - Session.negotiatedCapabilities - {"browserName":"phantomjs","version":"2.0.0","driverName":"ghostdriver","driverVersion":"1.2.0","platform":"mac-unknown-64bit","javascriptEnabled":true,"takesScreenshot":true,"handlesAlerts":false,"databaseEnabled":false,"locationContextEnabled":false,"applicationCacheEnabled":false,"browserConnectionEnabled":false,"cssSelectorsEnabled":true,"webStorageEnabled":false,"rotatable":false,"acceptSslCerts":false,"nativeEvents":true,"proxy":{"proxyType":"direct"}}
[INFO  - 2016-01-30T19:35:03.327Z] SessionManagerReqHand - _postNewSessionCommand - New Session Created: 8eff16b0-c788-11e5-8916-f57e4f36bbbe
[INFO  - 2016-01-30T19:35:03.835Z] ShutdownReqHand - _handle - About to shutdown
[INFO  - 2016-01-31T11:38:46.807Z] GhostDriver - Main - running on port 11206
[INFO  - 2016-01-31T11:38:47.051Z] Session [309f2970-c80f-11e5-9333-65836428d71d] - page.settings - {"XSSAuditingEnabled":false,"javascriptCanCloseWindows":true,"javascriptCanOpenWindows":true,"javascriptEnabled":true,"loadImages":true,"localToRemoteUrlAccessEnabled":false,"userAgent":"Mozilla/5.0 (Macintosh; Intel Mac OS X) AppleWebKit/538.1 (KHTML, like Gecko) PhantomJS/2.0.0 Safari/538.1","webSecurityEnabled":true}
[INFO  - 2016-01-31T11:38:47.051Z] Session [309f2970-c80f-11e5-9333-65836428d71d] - page.customHeaders:  - {}
[INFO  - 2016-01-31T11:38:47.051Z] Session [309f2970-c80f-11e5-9333-65836428d71d] - Session.negotiatedCapabilities - {"browserName":"phantomjs","version":"2.0.0","driverName":"ghostdriver","driverVersion":"1.2.0","platform":"mac-unknown-64bit","javascriptEnabled":true,"takesScreenshot":true,"handlesAlerts":false,"databaseEnabled":false,"locationContextEnabled":false,"applicationCacheEnabled":false,"browserConnectionEnabled":false,"cssSelectorsEnabled":true,"webStorageEnabled":false,"rotatable":false,"acceptSslCerts":false,"nativeEvents":true,"proxy":{"proxyType":"direct"}}
[INFO  - 2016-01-31T11:38:47.051Z] SessionManagerReqHand - _postNewSessionCommand - New Session Created: 309f2970-c80f-11e5-9333-65836428d71d
[INFO  - 2016-01-31T11:38:48.689Z] ShutdownReqHand - _handle - About to shutdown
[INFO  - 2016-01-31T12:29:20.382Z] GhostDriver - Main - running on port 13921
[INFO  - 2016-01-31T12:29:20.417Z] Session [40a614d0-c816-11e5-b79d-6d88c478b456] - page.settings - {"XSSAuditingEnabled":false,"javascriptCanCloseWindows":true,"javascriptCanOpenWindows":true,"javascriptEnabled":true,"loadImages":true,"localToRemoteUrlAccessEnabled":false,"userAgent":"Mozilla/5.0 (Macintosh; Intel Mac OS X) AppleWebKit/538.1 (KHTML, like Gecko) PhantomJS/2.0.0 Safari/538.1","webSecurityEnabled":true}
[INFO  - 2016-01-31T12:29:20.417Z] Session [40a614d0-c816-11e5-b79d-6d88c478b456] - page.customHeaders:  - {}
[INFO  - 2016-01-31T12:29:20.417Z] Session [40a614d0-c816-11e5-b79d-6d88c478b456] - Session.negotiatedCapabilities - {"browserName":"phantomjs","version":"2.0.0","driverName":"ghostdriver","driverVersion":"1.2.0","platform":"mac-unknown-64bit","javascriptEnabled":true,"takesScreenshot":true,"handlesAlerts":false,"databaseEnabled":false,"locationContextEnabled":false,"applicationCacheEnabled":false,"browserConnectionEnabled":false,"cssSelectorsEnabled":true,"webStorageEnabled":false,"rotatable":false,"acceptSslCerts":false,"nativeEvents":true,"proxy":{"proxyType":"direct"}}
[INFO  - 2016-01-31T12:29:20.417Z] SessionManagerReqHand - _postNewSessionCommand - New Session Created: 40a614d0-c816-11e5-b79d-6d88c478b456
[INFO  - 2016-01-31T12:29:20.511Z] ShutdownReqHand - _handle - About to shutdown
[INFO  - 2016-01-31T12:30:21.142Z] GhostDriver - Main - running on port 39520
[INFO  - 2016-01-31T12:30:21.210Z] Session [64e25b60-c816-11e5-8cb4-5b2b5ee732df] - page.settings - {"XSSAuditingEnabled":false,"javascriptCanCloseWindows":true,"javascriptCanOpenWindows":true,"javascriptEnabled":true,"loadImages":true,"localToRemoteUrlAccessEnabled":false,"userAgent":"Mozilla/5.0 (Macintosh; Intel Mac OS X) AppleWebKit/538.1 (KHTML, like Gecko) PhantomJS/2.0.0 Safari/538.1","webSecurityEnabled":true}
[INFO  - 2016-01-31T12:30:21.210Z] Session [64e25b60-c816-11e5-8cb4-5b2b5ee732df] - page.customHeaders:  - {}
[INFO  - 2016-01-31T12:30:21.210Z] Session [64e25b60-c816-11e5-8cb4-5b2b5ee732df] - Session.negotiatedCapabilities - {"browserName":"phantomjs","version":"2.0.0","driverName":"ghostdriver","driverVersion":"1.2.0","platform":"mac-unknown-64bit","javascriptEnabled":true,"takesScreenshot":true,"handlesAlerts":false,"databaseEnabled":false,"locationContextEnabled":false,"applicationCacheEnabled":false,"browserConnectionEnabled":false,"cssSelectorsEnabled":true,"webStorageEnabled":false,"rotatable":false,"acceptSslCerts":false,"nativeEvents":true,"proxy":{"proxyType":"direct"}}
[INFO  - 2016-01-31T12:30:21.210Z] SessionManagerReqHand - _postNewSessionCommand - New Session Created: 64e25b60-c816-11e5-8cb4-5b2b5ee732df
[INFO  - 2016-01-31T12:30:21.611Z] ShutdownReqHand - _handle - About to shutdown
[INFO  - 2016-01-31T12:40:10.323Z] GhostDriver - Main - running on port 27218
[INFO  - 2016-01-31T12:40:10.414Z] Session [c413c0a0-c817-11e5-a936-d766c18be5cf] - page.settings - {"XSSAuditingEnabled":false,"javascriptCanCloseWindows":true,"javascriptCanOpenWindows":true,"javascriptEnabled":true,"loadImages":true,"localToRemoteUrlAccessEnabled":false,"userAgent":"Mozilla/5.0 (Macintosh; Intel Mac OS X) AppleWebKit/538.1 (KHTML, like Gecko) PhantomJS/2.0.0 Safari/538.1","webSecurityEnabled":true}
[INFO  - 2016-01-31T12:40:10.414Z] Session [c413c0a0-c817-11e5-a936-d766c18be5cf] - page.customHeaders:  - {}
[INFO  - 2016-01-31T12:40:10.414Z] Session [c413c0a0-c817-11e5-a936-d766c18be5cf] - Session.negotiatedCapabilities - {"browserName":"phantomjs","version":"2.0.0","driverName":"ghostdriver","driverVersion":"1.2.0","platform":"mac-unknown-64bit","javascriptEnabled":true,"takesScreenshot":true,"handlesAlerts":false,"databaseEnabled":false,"locationContextEnabled":false,"applicationCacheEnabled":false,"browserConnectionEnabled":false,"cssSelectorsEnabled":true,"webStorageEnabled":false,"rotatable":false,"acceptSslCerts":false,"nativeEvents":true,"proxy":{"proxyType":"direct"}}
[INFO  - 2016-01-31T12:40:10.414Z] SessionManagerReqHand - _postNewSessionCommand - New Session Created: c413c0a0-c817-11e5-a936-d766c18be5cf
[INFO  - 2016-01-31T12:40:10.485Z] ShutdownReqHand - _handle - About to shutdown
[INFO  - 2016-01-31T12:40:46.581Z] GhostDriver - Main - running on port 24566
[INFO  - 2016-01-31T12:40:46.651Z] Session [d9aced60-c817-11e5-8c95-5761c4f1cf98] - page.settings - {"XSSAuditingEnabled":false,"javascriptCanCloseWindows":true,"javascriptCanOpenWindows":true,"javascriptEnabled":true,"loadImages":true,"localToRemoteUrlAccessEnabled":false,"userAgent":"Mozilla/5.0 (Macintosh; Intel Mac OS X) AppleWebKit/538.1 (KHTML, like Gecko) PhantomJS/2.0.0 Safari/538.1","webSecurityEnabled":true}
[INFO  - 2016-01-31T12:40:46.651Z] Session [d9aced60-c817-11e5-8c95-5761c4f1cf98] - page.customHeaders:  - {}
[INFO  - 2016-01-31T12:40:46.651Z] Session [d9aced60-c817-11e5-8c95-5761c4f1cf98] - Session.negotiatedCapabilities - {"browserName":"phantomjs","version":"2.0.0","driverName":"ghostdriver","driverVersion":"1.2.0","platform":"mac-unknown-64bit","javascriptEnabled":true,"takesScreenshot":true,"handlesAlerts":false,"databaseEnabled":false,"locationContextEnabled":false,"applicationCacheEnabled":false,"browserConnectionEnabled":false,"cssSelectorsEnabled":true,"webStorageEnabled":false,"rotatable":false,"acceptSslCerts":false,"nativeEvents":true,"proxy":{"proxyType":"direct"}}
[INFO  - 2016-01-31T12:40:46.651Z] SessionManagerReqHand - _postNewSessionCommand - New Session Created: d9aced60-c817-11e5-8c95-5761c4f1cf98
[INFO  - 2016-01-31T12:40:46.729Z] ShutdownReqHand - _handle - About to shutdown
